c:\users\user\downloads\dx_pf-main\dx2d_game\.int\engine\collision.obj
c:\users\user\downloads\dx_pf-main\dx2d_game\.int\engine\pipeline.obj
c:\users\user\downloads\dx_pf-main\dx2d_game\.int\engine\resource.obj
c:\users\user\downloads\dx_pf-main\dx2d_game\.int\engine\entry.obj
c:\users\user\downloads\dx_pf-main\dx2d_game\.int\engine\input.obj
c:\users\user\downloads\dx_pf-main\dx2d_game\.int\engine\sound.obj
c:\users\user\downloads\dx_pf-main\dx2d_game\.int\engine\rendering.obj
c:\users\user\downloads\dx_pf-main\dx2d_game\.int\engine\engine.obj
c:\users\user\downloads\dx_pf-main\dx2d_game\.int\engine\time.obj
c:\users\user\downloads\dx_pf-main\dx2d_game\.lib\engine.pdb
c:\users\user\downloads\dx_pf-main\dx2d_game\engine\shader\bytecode\pixel.h
c:\users\user\downloads\dx_pf-main\dx2d_game\.lib\pixel.cso
c:\users\user\downloads\dx_pf-main\dx2d_game\engine\shader\bytecode\vertex.h
c:\users\user\downloads\dx_pf-main\dx2d_game\.lib\vertex.cso
c:\users\user\downloads\dx_pf-main\dx2d_game\.lib\engine.lib
c:\users\user\downloads\dx_pf-main\dx2d_game\.int\engine\engine.tlog\cl.13220.write.1.tlog
c:\users\user\downloads\dx_pf-main\dx2d_game\.int\engine\engine.tlog\cl.command.1.tlog
c:\users\user\downloads\dx_pf-main\dx2d_game\.int\engine\engine.tlog\cl.read.1.tlog
c:\users\user\downloads\dx_pf-main\dx2d_game\.int\engine\engine.tlog\fxc.command.1.tlog
c:\users\user\downloads\dx_pf-main\dx2d_game\.int\engine\engine.tlog\fxc.read.1.tlog
c:\users\user\downloads\dx_pf-main\dx2d_game\.int\engine\engine.tlog\fxc.write.1.tlog
c:\users\user\downloads\dx_pf-main\dx2d_game\.int\engine\engine.tlog\lib-link.read.1.tlog
c:\users\user\downloads\dx_pf-main\dx2d_game\.int\engine\engine.tlog\lib-link.write.1.tlog
c:\users\user\downloads\dx_pf-main\dx2d_game\.int\engine\engine.tlog\lib.command.1.tlog
